<?xml version="1.0" encoding="UTF-8"?>
<!-- Generated by org.testng.reporters.JUnitReportReporter -->
<testsuite hostname="DESKTOP-VDMFRU7" failures="0" tests="5" name="TestScripts.TestScenarios" time="56.829" errors="0" timestamp="2023-07-19T12:36:10 IST" skipped="0">
  <testcase classname="TestScripts.TestScenarios" name="verifyProductPageFunc" time="41.261"/>
  <system-out/>
  <testcase classname="TestScripts.TestScenarios" name="validateProductPresence" time="3.567"/>
  <system-out/>
  <testcase classname="TestScripts.TestScenarios" name="validateProductPresence" time="3.159"/>
  <system-out/>
  <testcase classname="TestScripts.TestScenarios" name="getSearchResults" time="5.607"/>
  <system-out/>
  <testcase classname="TestScripts.TestScenarios" name="validateProductPresence" time="3.235"/>
  <system-out/>
</testsuite> <!-- TestScripts.TestScenarios -->
